Using pre-set license
Built from '2020.3/staging' branch; Version is '2020.3.20f1 (41c4e627c95f) revision 4310246'; Using compiler version '192528614'; Build Type 'Release'
OS: 'Windows 10 Pro; OS build 19043.1052; Version 2009; 64bit' Language: 'ru' Physical Memory: 16234 MB
BatchMode: 1, IsHumanControllingUs: 0, StartBugReporterOnCrash: 0, Is64bit: 1, IsPro: 0

COMMAND LINE ARGUMENTS:
C:\Program Files\Unity\Hub\Editor\2020.3.20f1\Editor\Unity.exe
-adb2
-batchMode
-noUpm
-name
AssetImportWorker0
-projectPath
D:/ChainChip
-logFile
Logs/AssetImportWorker0.log
-srvPort
59125
Successfully changed project path to: D:/ChainChip
D:/ChainChip
Using Asset Import Pipeline V2.
Refreshing native plugins compatible for Editor in 85.57 ms, found 2 plugins.
Preloading 0 native plugins for Editor in 0.00 ms.
Initialize engine version: 2020.3.20f1 (41c4e627c95f)
[Subsystems] Discovering subsystems at path C:/Program Files/Unity/Hub/Editor/2020.3.20f1/Editor/Data/Resources/UnitySubsystems
[Subsystems] Discovering subsystems at path D:/ChainChip/Assets
GfxDevice: creating device client; threaded=0
Direct3D:
    Version:  Direct3D 11.0 [level 11.1]
    Renderer: NVIDIA GeForce GTX 950 (ID=0x1402)
    Vendor:   
    VRAM:     2007 MB
    Driver:   30.0.14.7141
Initialize mono
Mono path[0] = 'C:/Program Files/Unity/Hub/Editor/2020.3.20f1/Editor/Data/Managed'
Mono path[1] = 'C:/Program Files/Unity/Hub/Editor/2020.3.20f1/Editor/Data/MonoBleedingEdge/lib/mono/unityjit'
Mono config path = 'C:/Program Files/Unity/Hub/Editor/2020.3.20f1/Editor/Data/MonoBleedingEdge/etc'
Using monoOptions --debugger-agent=transport=dt_socket,embedding=1,server=y,suspend=n,address=127.0.0.1:56500
Begin MonoManager ReloadAssembly
Registering precompiled unity dll's ...
Register platform support module: C:/Program Files/Unity/Hub/Editor/2020.3.20f1/Editor/Data/PlaybackEngines/WindowsStandaloneSupport/UnityEditor.WindowsStandalone.Extensions.dll
Registered in 0.001459 seconds.
Native extension for WindowsStandalone target not found
Refreshing native plugins compatible for Editor in 73.54 ms, found 2 plugins.
Preloading 0 native plugins for Editor in 0.00 ms.
Mono: successfully reloaded assembly
- Completed reload, in  2.072 seconds
Domain Reload Profiling:
	ReloadAssembly (2072ms)
		BeginReloadAssembly (50ms)
			ExecutionOrderSort (0ms)
			DisableScriptedObjects (0ms)
			BackupInstance (0ms)
			ReleaseScriptingObjects (0ms)
			CreateAndSetChildDomain (1ms)
		EndReloadAssembly (570ms)
			LoadAssemblies (49ms)
			RebuildTransferFunctionScriptingTraits (0ms)
			SetupTypeCache (174ms)
			ReleaseScriptCaches (0ms)
			RebuildScriptCaches (33ms)
			SetupLoadedEditorAssemblies (276ms)
				LogAssemblyErrors (0ms)
				InitializePlatformSupportModulesInManaged (4ms)
				SetLoadedEditorAssemblies (0ms)
				RefreshPlugins (74ms)
				BeforeProcessingInitializeOnLoad (24ms)
				ProcessInitializeOnLoadAttributes (115ms)
				ProcessInitializeOnLoadMethodAttributes (58ms)
				AfterProcessingInitializeOnLoad (0ms)
				EditorAssembliesLoaded (1ms)
			ExecutionOrderSort2 (0ms)
			AwakeInstancesAfterBackupRestoration (0ms)
Platform modules already initialized, skipping
Registering precompiled user dll's ...
Registered in 0.011901 seconds.
Begin MonoManager ReloadAssembly
Native extension for WindowsStandalone target not found
Refreshing native plugins compatible for Editor in 1.12 ms, found 2 plugins.
Preloading 0 native plugins for Editor in 0.00 ms.
GPGSUpgrader start
UnityEngine.StackTraceUtility:ExtractStackTrace ()
UnityEngine.DebugLogHandler:LogFormat (UnityEngine.LogType,UnityEngine.Object,string,object[])
UnityEngine.Logger:Log (UnityEngine.LogType,object)
UnityEngine.Debug:Log (object)
GooglePlayGames.Editor.GPGSUpgrader:.cctor () (at Assets/GooglePlayGames/Editor/GPGSUpgrader.cs:38)
System.Runtime.CompilerServices.RuntimeHelpers:RunClassConstructor (System.RuntimeTypeHandle)
UnityEditor.EditorAssemblies:ProcessInitializeOnLoadAttributes (System.Type[])

(Filename: Assets/GooglePlayGames/Editor/GPGSUpgrader.cs Line: 38)

GPGSUpgrader done
UnityEngine.StackTraceUtility:ExtractStackTrace ()
UnityEngine.DebugLogHandler:LogFormat (UnityEngine.LogType,UnityEngine.Object,string,object[])
UnityEngine.Logger:Log (UnityEngine.LogType,object)
UnityEngine.Debug:Log (object)
GooglePlayGames.Editor.GPGSUpgrader:.cctor () (at Assets/GooglePlayGames/Editor/GPGSUpgrader.cs:105)
System.Runtime.CompilerServices.RuntimeHelpers:RunClassConstructor (System.RuntimeTypeHandle)
UnityEditor.EditorAssemblies:ProcessInitializeOnLoadAttributes (System.Type[])

(Filename: Assets/GooglePlayGames/Editor/GPGSUpgrader.cs Line: 105)

Mono: successfully reloaded assembly
- Completed reload, in  1.263 seconds
Domain Reload Profiling:
	ReloadAssembly (1264ms)
		BeginReloadAssembly (149ms)
			ExecutionOrderSort (0ms)
			DisableScriptedObjects (5ms)
			BackupInstance (0ms)
			ReleaseScriptingObjects (0ms)
			CreateAndSetChildDomain (19ms)
		EndReloadAssembly (1049ms)
			LoadAssemblies (91ms)
			RebuildTransferFunctionScriptingTraits (0ms)
			SetupTypeCache (324ms)
			ReleaseScriptCaches (0ms)
			RebuildScriptCaches (49ms)
			SetupLoadedEditorAssemblies (477ms)
				LogAssemblyErrors (0ms)
				InitializePlatformSupportModulesInManaged (5ms)
				SetLoadedEditorAssemblies (0ms)
				RefreshPlugins (1ms)
				BeforeProcessingInitializeOnLoad (90ms)
				ProcessInitializeOnLoadAttributes (339ms)
				ProcessInitializeOnLoadMethodAttributes (36ms)
				AfterProcessingInitializeOnLoad (5ms)
				EditorAssembliesLoaded (0ms)
			ExecutionOrderSort2 (0ms)
			AwakeInstancesAfterBackupRestoration (7ms)
Platform modules already initialized, skipping
========================================================================
Worker process is ready to serve import requests
Launched and connected shader compiler UnityShaderCompiler.exe after 0.03 seconds
Refreshing native plugins compatible for Editor in 1.12 ms, found 2 plugins.
Preloading 0 native plugins for Editor in 0.00 ms.
Unloading 2318 Unused Serialized files (Serialized files now loaded: 0)
System memory in use before: 164.7 MB.
System memory in use after: 164.8 MB.

Unloading 118 unused Assets to reduce memory usage. Loaded Objects now: 2672.
Total: 6.185400 ms (FindLiveObjects: 0.252700 ms CreateObjectMapping: 0.118100 ms MarkObjects: 5.709100 ms  DeleteObjects: 0.104300 ms)

AssetImportParameters requested are different than current active one (requested -> active):
  custom:framework-win-MediaFoundation: 216162199b28c13a410421893ffa2e32 -> 
  custom:video-decoder-ogg-theora: a1e56fd34408186e4bbccfd4996cb3dc -> 
  custom:container-muxer-webm: aa71ff27fc2769a1b78a27578f13a17b -> 
  custom:container-demuxer-webm: 4f35f7cbe854078d1ac9338744f61a02 -> 
  custom:container-demuxer-ogg: 62fdf1f143b41e24485cea50d1cbac27 -> 
  custom:video-encoder-webm-vp8: eb34c28f22e8b96e1ab97ce403110664 -> 
  custom:video-decoder-webm-vp8: 9c59270c3fd7afecdb556c50c9e8de78 -> 
  custom:audio-decoder-ogg-vorbis: bf7c407c2cedff20999df2af8eb42d56 -> 
  custom:audio-encoder-webm-vorbis: bf7c407c2cedff20999df2af8eb42d56 -> 
========================================================================
Received Import Request.
  path: Assets/UI/nick-fewings-XXBgxhS_-vc-unsplash.jpg
  artifactKey: Guid(f67b0a8d77a85004fb27988eb9b0d880) Importer(815301076,1909f56bfc062723c751e8b465ee728b)
Start importing Assets/UI/nick-fewings-XXBgxhS_-vc-unsplash.jpg using Guid(f67b0a8d77a85004fb27988eb9b0d880) Importer(815301076,1909f56bfc062723c751e8b465ee728b)  -> (artifact id: 'a968ffde5c620f148e71ca1d315d34f9') in 0.137940 seconds 
  Import took 0.142067 seconds .

========================================================================
Received Import Request.
  Time since last request: 4.399208 seconds.
  path: Assets/UI/nick-fewings-XXBgxhS_-vc-unsplash.jpg
  artifactKey: Guid(f67b0a8d77a85004fb27988eb9b0d880) Importer(815301076,1909f56bfc062723c751e8b465ee728b)
Start importing Assets/UI/nick-fewings-XXBgxhS_-vc-unsplash.jpg using Guid(f67b0a8d77a85004fb27988eb9b0d880) Importer(815301076,1909f56bfc062723c751e8b465ee728b)  -> (artifact id: '6cfc5b0431ecd42a5d7775376116a173') in 0.078702 seconds 
  Import took 0.082760 seconds .

========================================================================
Received Import Request.
  Time since last request: 51.541987 seconds.
  path: Assets/GoogleMobileAds/Editor/Resources/DummyAds/AdImages/300x250.png
  artifactKey: Guid(898f886a39d714db5b90d2c36676c894) Importer(815301076,1909f56bfc062723c751e8b465ee728b)
Start importing Assets/GoogleMobileAds/Editor/Resources/DummyAds/AdImages/300x250.png using Guid(898f886a39d714db5b90d2c36676c894) Importer(815301076,1909f56bfc062723c751e8b465ee728b)  -> (artifact id: '7b448088d580e095a9cd6efac56af3d8') in 0.026837 seconds 
  Import took 0.031891 seconds .

========================================================================
Received Import Request.
  Time since last request: 0.000169 seconds.
  path: Assets/UI/resource_default/checkbox_check.png
  artifactKey: Guid(43e17fb59bccf0748b04cccfc220a522) Importer(815301076,1909f56bfc062723c751e8b465ee728b)
Start importing Assets/UI/resource_default/checkbox_check.png using Guid(43e17fb59bccf0748b04cccfc220a522) Importer(815301076,1909f56bfc062723c751e8b465ee728b)  -> (artifact id: 'c99edb6c956ab2971ea167430751d658') in 0.013426 seconds 
  Import took 0.018351 seconds .

========================================================================
Received Import Request.
  Time since last request: 0.000233 seconds.
  path: Assets/GoogleMobileAds/Editor/Resources/DummyAds/AdImages/320x100.png
  artifactKey: Guid(1a2723ddf964e4565a408007ab387283) Importer(815301076,1909f56bfc062723c751e8b465ee728b)
Start importing Assets/GoogleMobileAds/Editor/Resources/DummyAds/AdImages/320x100.png using Guid(1a2723ddf964e4565a408007ab387283) Importer(815301076,1909f56bfc062723c751e8b465ee728b)  -> (artifact id: 'fd153846653693fc4e3d2291ea7d0cab') in 0.020614 seconds 
  Import took 0.025745 seconds .

========================================================================
Received Import Request.
  Time since last request: 0.000177 seconds.
  path: Assets/GoogleMobileAds/Editor/Resources/DummyAds/AdImages/320x480.png
  artifactKey: Guid(77d9c04b43d404f44ab60d7159b279bb) Importer(815301076,1909f56bfc062723c751e8b465ee728b)
Start importing Assets/GoogleMobileAds/Editor/Resources/DummyAds/AdImages/320x480.png using Guid(77d9c04b43d404f44ab60d7159b279bb) Importer(815301076,1909f56bfc062723c751e8b465ee728b)  -> (artifact id: '2eff655f0a0843ad30ff6edf047eabae') in 0.018697 seconds 
  Import took 0.023401 seconds .

========================================================================
Received Import Request.
  Time since last request: 0.000334 seconds.
  path: Assets/GoogleMobileAds/Editor/Resources/DummyAds/AdImages/320x50.png
  artifactKey: Guid(5a6531d4c9c484d679a2d6f9e6fefed5) Importer(815301076,1909f56bfc062723c751e8b465ee728b)
Start importing Assets/GoogleMobileAds/Editor/Resources/DummyAds/AdImages/320x50.png using Guid(5a6531d4c9c484d679a2d6f9e6fefed5) Importer(815301076,1909f56bfc062723c751e8b465ee728b)  -> (artifact id: 'f8a9de4fde16af9e294c868420cfd39d') in 0.018210 seconds 
  Import took 0.023970 seconds .

========================================================================
Received Import Request.
  Time since last request: 0.000251 seconds.
  path: Assets/GoogleMobileAds/Editor/Resources/DummyAds/AdImages/1024x768.png
  artifactKey: Guid(4c69db43dbd474a2987be5807129b4cc) Importer(815301076,1909f56bfc062723c751e8b465ee728b)
Start importing Assets/GoogleMobileAds/Editor/Resources/DummyAds/AdImages/1024x768.png using Guid(4c69db43dbd474a2987be5807129b4cc) Importer(815301076,1909f56bfc062723c751e8b465ee728b)  -> (artifact id: '565af5b4738d235908d577dfae4ab405') in 0.038417 seconds 
  Import took 0.043393 seconds .

========================================================================
Received Import Request.
  Time since last request: 0.000231 seconds.
  path: Assets/UI/JellyIcons/256x256/Icons/BasicIcons/Confirm.png
  artifactKey: Guid(2eebe9fb264b1634aaa7714cf9b53d42) Importer(815301076,1909f56bfc062723c751e8b465ee728b)
Start importing Assets/UI/JellyIcons/256x256/Icons/BasicIcons/Confirm.png using Guid(2eebe9fb264b1634aaa7714cf9b53d42) Importer(815301076,1909f56bfc062723c751e8b465ee728b)  -> (artifact id: '2312d72482a1b00e8ebd3661d9e2c686') in 0.015893 seconds 
  Import took 0.020646 seconds .

========================================================================
Received Import Request.
  Time since last request: 0.000219 seconds.
  path: Assets/UI/resource_default/btn_c_red.png
  artifactKey: Guid(dfe0f8b3b8f11c54d94569c6e1326583) Importer(815301076,1909f56bfc062723c751e8b465ee728b)
Start importing Assets/UI/resource_default/btn_c_red.png using Guid(dfe0f8b3b8f11c54d94569c6e1326583) Importer(815301076,1909f56bfc062723c751e8b465ee728b)  -> (artifact id: 'f33cbb250bd4619fbab8fc4482cb0996') in 0.022294 seconds 
  Import took 0.026894 seconds .

========================================================================
Received Import Request.
  Time since last request: 0.001652 seconds.
  path: Assets/UI/resource_default/btn_c_emerald.png
  artifactKey: Guid(7017830725262a140b5d8a3d39a0b11a) Importer(815301076,1909f56bfc062723c751e8b465ee728b)
Start importing Assets/UI/resource_default/btn_c_emerald.png using Guid(7017830725262a140b5d8a3d39a0b11a) Importer(815301076,1909f56bfc062723c751e8b465ee728b)  -> (artifact id: 'f8fe931b1d9c8f493e22b41c44a9bcf0') in 0.017336 seconds 
  Import took 0.021132 seconds .

========================================================================
Received Import Request.
  Time since last request: 0.000188 seconds.
  path: Assets/GoogleMobileAds/Editor/Resources/DummyAds/AdImages/468x60.png
  artifactKey: Guid(74358f5fb13a549aabac4a5a7ac76739) Importer(815301076,1909f56bfc062723c751e8b465ee728b)
Start importing Assets/GoogleMobileAds/Editor/Resources/DummyAds/AdImages/468x60.png using Guid(74358f5fb13a549aabac4a5a7ac76739) Importer(815301076,1909f56bfc062723c751e8b465ee728b)  -> (artifact id: '0733b4a43ed760decfb739656b49737b') in 0.021876 seconds 
  Import took 0.028443 seconds .

========================================================================
Received Import Request.
  Time since last request: 0.000577 seconds.
  path: Assets/UI/resource_default/btn_c_beige.png
  artifactKey: Guid(9c0068a62e7a92d40824e0b03460035a) Importer(815301076,1909f56bfc062723c751e8b465ee728b)
Start importing Assets/UI/resource_default/btn_c_beige.png using Guid(9c0068a62e7a92d40824e0b03460035a) Importer(815301076,1909f56bfc062723c751e8b465ee728b)  -> (artifact id: '0beb97ee52750bba5dbeb5dc98270a51') in 0.014159 seconds 
  Import took 0.019733 seconds .

========================================================================
Received Import Request.
  Time since last request: 0.000183 seconds.
  path: Assets/UI/resource_default/btn_c_grey.png
  artifactKey: Guid(6e66bb159c14d844580544244bf0d9d5) Importer(815301076,1909f56bfc062723c751e8b465ee728b)
Start importing Assets/UI/resource_default/btn_c_grey.png using Guid(6e66bb159c14d844580544244bf0d9d5) Importer(815301076,1909f56bfc062723c751e8b465ee728b)  -> (artifact id: 'ce56618a42f692bbae97653863e89777') in 0.012667 seconds 
  Import took 0.018990 seconds .

========================================================================
Received Import Request.
  Time since last request: 0.000181 seconds.
  path: Assets/GoogleMobileAds/Editor/Resources/DummyAds/AdImages/480x320.png
  artifactKey: Guid(d30303c99ba3f4b9b9924da34e6d742d) Importer(815301076,1909f56bfc062723c751e8b465ee728b)
Start importing Assets/GoogleMobileAds/Editor/Resources/DummyAds/AdImages/480x320.png using Guid(d30303c99ba3f4b9b9924da34e6d742d) Importer(815301076,1909f56bfc062723c751e8b465ee728b)  -> (artifact id: '863dda8be0fafda2eb5ed0af9e4d0db5') in 0.015294 seconds 
  Import took 0.020290 seconds .

========================================================================
Received Import Request.
  Time since last request: 0.000206 seconds.
  path: Assets/GoogleMobileAds/Editor/Resources/DummyAds/AdImages/728x90.png
  artifactKey: Guid(cfead63ff9d9d48e2b4ba3c2dee7cea9) Importer(815301076,1909f56bfc062723c751e8b465ee728b)
Start importing Assets/GoogleMobileAds/Editor/Resources/DummyAds/AdImages/728x90.png using Guid(cfead63ff9d9d48e2b4ba3c2dee7cea9) Importer(815301076,1909f56bfc062723c751e8b465ee728b)  -> (artifact id: '9f3d730f867453de2c2b33702a481ffd') in 0.011707 seconds 
  Import took 0.016360 seconds .

========================================================================
Received Import Request.
  Time since last request: 0.000208 seconds.
  path: Assets/GoogleMobileAds/Editor/Resources/DummyAds/AdImages/768x1024.png
  artifactKey: Guid(8a53f9c63a5e94b14a98698a7b07365b) Importer(815301076,1909f56bfc062723c751e8b465ee728b)
Start importing Assets/GoogleMobileAds/Editor/Resources/DummyAds/AdImages/768x1024.png using Guid(8a53f9c63a5e94b14a98698a7b07365b) Importer(815301076,1909f56bfc062723c751e8b465ee728b)  -> (artifact id: 'af692ee582bc0f0b81aca9dad4c6fb33') in 0.022460 seconds 
  Import took 0.027585 seconds .

========================================================================
Received Import Request.
  Time since last request: 0.000185 seconds.
  path: Assets/UI/JellyIcons/256x256/Icons/BasicIcons/Camera.png
  artifactKey: Guid(89d183f50655fb245bf689f08d147c9b) Importer(815301076,1909f56bfc062723c751e8b465ee728b)
Start importing Assets/UI/JellyIcons/256x256/Icons/BasicIcons/Camera.png using Guid(89d183f50655fb245bf689f08d147c9b) Importer(815301076,1909f56bfc062723c751e8b465ee728b)  -> (artifact id: '092bc944a3eb725392c600c07013f215') in 0.015928 seconds 
  Import took 0.021547 seconds .

========================================================================
Received Import Request.
  Time since last request: 0.000177 seconds.
  path: Assets/UI/resource_default/checkbox_blank.png
  artifactKey: Guid(32f25fd44c295474483ad5f89d5863fb) Importer(815301076,1909f56bfc062723c751e8b465ee728b)
Start importing Assets/UI/resource_default/checkbox_blank.png using Guid(32f25fd44c295474483ad5f89d5863fb) Importer(815301076,1909f56bfc062723c751e8b465ee728b)  -> (artifact id: 'd5cdf42bb30fc4f290ffd5bbd91d2639') in 0.010105 seconds 
  Import took 0.016224 seconds .

========================================================================
Received Import Request.
  Time since last request: 0.000190 seconds.
  path: Assets/UI/JellyIcons/256x256/Icons/BasicIcons/Cloud.png
  artifactKey: Guid(289a8ebfa2d764c48a4405f41e037931) Importer(815301076,1909f56bfc062723c751e8b465ee728b)
Start importing Assets/UI/JellyIcons/256x256/Icons/BasicIcons/Cloud.png using Guid(289a8ebfa2d764c48a4405f41e037931) Importer(815301076,1909f56bfc062723c751e8b465ee728b)  -> (artifact id: 'a5a722b2aa6f631b0d604aa756748337') in 0.012637 seconds 
  Import took 0.017763 seconds .

========================================================================
Received Import Request.
  Time since last request: 2.758980 seconds.
  path: Assets/UI/JellyIcons/256x256/Icons/BasicIcons/Cross.png
  artifactKey: Guid(87bcf3c7232162c43bd3619029137516) Importer(815301076,1909f56bfc062723c751e8b465ee728b)
Start importing Assets/UI/JellyIcons/256x256/Icons/BasicIcons/Cross.png using Guid(87bcf3c7232162c43bd3619029137516) Importer(815301076,1909f56bfc062723c751e8b465ee728b)  -> (artifact id: '2583cb188e583ad0fdefdcccb44fd4ea') in 0.013378 seconds 
  Import took 0.017830 seconds .

========================================================================
Received Import Request.
  Time since last request: 0.000061 seconds.
  path: Assets/UI/resource_default/divider_a.png
  artifactKey: Guid(e460759783bc11a40b0b706688151e1e) Importer(815301076,1909f56bfc062723c751e8b465ee728b)
Start importing Assets/UI/resource_default/divider_a.png using Guid(e460759783bc11a40b0b706688151e1e) Importer(815301076,1909f56bfc062723c751e8b465ee728b)  -> (artifact id: '4ba7f9df5d55e1551e929fbe707b81a4') in 0.009717 seconds 
  Import took 0.014557 seconds .

========================================================================
Received Import Request.
  Time since last request: 0.000252 seconds.
  path: Assets/UI/JellyIcons/256x256/Icons/BasicIcons/Cup.png
  artifactKey: Guid(5798a7eed3c283d4bbcf0cbff9440864) Importer(815301076,1909f56bfc062723c751e8b465ee728b)
Start importing Assets/UI/JellyIcons/256x256/Icons/BasicIcons/Cup.png using Guid(5798a7eed3c283d4bbcf0cbff9440864) Importer(815301076,1909f56bfc062723c751e8b465ee728b)  -> (artifact id: '1bd02bf1bf85bb00fc4bb772153eee20') in 0.012948 seconds 
  Import took 0.018190 seconds .

========================================================================
Received Import Request.
  Time since last request: 0.000202 seconds.
  path: Assets/UI/JellyIcons/256x256/Icons/BasicIcons/Download.png
  artifactKey: Guid(620ff4ef33bde8049a0b70e760258e9d) Importer(815301076,1909f56bfc062723c751e8b465ee728b)
Start importing Assets/UI/JellyIcons/256x256/Icons/BasicIcons/Download.png using Guid(620ff4ef33bde8049a0b70e760258e9d) Importer(815301076,1909f56bfc062723c751e8b465ee728b)  -> (artifact id: 'e1d31bb19f8d3df8478e5e54fef0070a') in 0.013058 seconds 
  Import took 0.018672 seconds .

========================================================================
Received Import Request.
  Time since last request: 0.000179 seconds.
  path: Assets/UI/JellyIcons/256x256/Icons/BasicIcons/Cup2.png
  artifactKey: Guid(08423096a718950449883974144acea2) Importer(815301076,1909f56bfc062723c751e8b465ee728b)
Start importing Assets/UI/JellyIcons/256x256/Icons/BasicIcons/Cup2.png using Guid(08423096a718950449883974144acea2) Importer(815301076,1909f56bfc062723c751e8b465ee728b)  -> (artifact id: '27295733387147bfdbbdc7fe5ad5bb3f') in 0.018871 seconds 
  Import took 0.023821 seconds .

========================================================================
Received Import Request.
  Time since last request: 0.000569 seconds.
  path: Assets/UI/finger.png
  artifactKey: Guid(61dd3e9fe5e94e940a0b908ec6a3f203) Importer(815301076,1909f56bfc062723c751e8b465ee728b)
Start importing Assets/UI/finger.png using Guid(61dd3e9fe5e94e940a0b908ec6a3f203) Importer(815301076,1909f56bfc062723c751e8b465ee728b)  -> (artifact id: 'f9a5ced480d50ded4a73efb70880da5c') in 0.011533 seconds 
  Import took 0.016628 seconds .

========================================================================
Received Import Request.
  Time since last request: 0.000199 seconds.
  path: Assets/UI/JellyIcons/256x256/Icons/BasicIcons/DownlaodLeft.png
  artifactKey: Guid(fb4ce67089d48aa48a5b3c56821725eb) Importer(815301076,1909f56bfc062723c751e8b465ee728b)
Start importing Assets/UI/JellyIcons/256x256/Icons/BasicIcons/DownlaodLeft.png using Guid(fb4ce67089d48aa48a5b3c56821725eb) Importer(815301076,1909f56bfc062723c751e8b465ee728b)  -> (artifact id: '00acb4ea1f80ba92254fef00c738893f') in 0.017032 seconds 
  Import took 0.023520 seconds .

========================================================================
Received Import Request.
  Time since last request: 0.000192 seconds.
  path: Assets/Effects/Magic VFX/Magic VFX - Ice (FREE)/Models/Materials/FlakesA1_01.png
  artifactKey: Guid(a79f5eead5d7af84890da0dc31c19a76) Importer(815301076,1909f56bfc062723c751e8b465ee728b)
Start importing Assets/Effects/Magic VFX/Magic VFX - Ice (FREE)/Models/Materials/FlakesA1_01.png using Guid(a79f5eead5d7af84890da0dc31c19a76) Importer(815301076,1909f56bfc062723c751e8b465ee728b)  -> (artifact id: '7d72f8152a13c47af3af0234b5613041') in 0.019957 seconds 
  Import took 0.024983 seconds .

========================================================================
Received Import Request.
  Time since last request: 0.000197 seconds.
  path: Assets/UI/JellyIcons/256x256/Icons/BasicIcons/Facebook.png
  artifactKey: Guid(6ef55b1d9908a54448700efe53ac1b0a) Importer(815301076,1909f56bfc062723c751e8b465ee728b)
Start importing Assets/UI/JellyIcons/256x256/Icons/BasicIcons/Facebook.png using Guid(6ef55b1d9908a54448700efe53ac1b0a) Importer(815301076,1909f56bfc062723c751e8b465ee728b)  -> (artifact id: '5bea0f30b93cadba34275d6f2d093a44') in 0.014245 seconds 
  Import took 0.021415 seconds .

========================================================================
Received Import Request.
  Time since last request: 0.000289 seconds.
  path: Assets/UI/JellyIcons/256x256/Icons/BasicIcons/Cup1.png
  artifactKey: Guid(a4cea22bbdeee15478aa7cfc5bb4cd61) Importer(815301076,1909f56bfc062723c751e8b465ee728b)
Start importing Assets/UI/JellyIcons/256x256/Icons/BasicIcons/Cup1.png using Guid(a4cea22bbdeee15478aa7cfc5bb4cd61) Importer(815301076,1909f56bfc062723c751e8b465ee728b)  -> (artifact id: '70178b6da088ecdfb0cac24cc7ad694d') in 0.015831 seconds 
  Import took 0.021446 seconds .

========================================================================
Received Import Request.
  Time since last request: 0.000213 seconds.
  path: Assets/UI/JellyIcons/256x256/Icons/BasicIcons/DoubleArrow.png
  artifactKey: Guid(a069aaf8c58feb545899c0d99094a285) Importer(815301076,1909f56bfc062723c751e8b465ee728b)
Start importing Assets/UI/JellyIcons/256x256/Icons/BasicIcons/DoubleArrow.png using Guid(a069aaf8c58feb545899c0d99094a285) Importer(815301076,1909f56bfc062723c751e8b465ee728b)  -> (artifact id: 'fbcab39a4dde7cb29bb17d6bd66574d5') in 0.013672 seconds 
  Import took 0.018714 seconds .

========================================================================
Received Import Request.
  Time since last request: 0.000255 seconds.
  path: Assets/UI/JellyIcons/256x256/Icons/BasicIcons/DoubleArrowTop.png
  artifactKey: Guid(26d8b5be008121146b186ab9519344ab) Importer(815301076,1909f56bfc062723c751e8b465ee728b)
Start importing Assets/UI/JellyIcons/256x256/Icons/BasicIcons/DoubleArrowTop.png using Guid(26d8b5be008121146b186ab9519344ab) Importer(815301076,1909f56bfc062723c751e8b465ee728b)  -> (artifact id: '7c9f91c109c8cc1b2ca5b2f9f28f9da3') in 0.011601 seconds 
  Import took 0.016664 seconds .

========================================================================
Received Import Request.
  Time since last request: 0.000212 seconds.
  path: Assets/UI/JellyIcons/256x256/Icons/BasicIcons/DownloadRight.png
  artifactKey: Guid(e226cb9ef93691547b1e82aa6e0ad592) Importer(815301076,1909f56bfc062723c751e8b465ee728b)
Start importing Assets/UI/JellyIcons/256x256/Icons/BasicIcons/DownloadRight.png using Guid(e226cb9ef93691547b1e82aa6e0ad592) Importer(815301076,1909f56bfc062723c751e8b465ee728b)  -> (artifact id: '2cf28095e4c3e73eedef7c14a1c87803') in 0.014937 seconds 
  Import took 0.020388 seconds .

========================================================================
Received Import Request.
  Time since last request: 0.000121 seconds.
  path: Assets/UI/easy UI emerald - default.psd
  artifactKey: Guid(1f758ec661cd10f4b889c713e4d957cf) Importer(815301076,1909f56bfc062723c751e8b465ee728b)
Start importing Assets/UI/easy UI emerald - default.psd using Guid(1f758ec661cd10f4b889c713e4d957cf) Importer(815301076,1909f56bfc062723c751e8b465ee728b)  -> (artifact id: 'a185f676814e9a69d4826cc5e061d6ef') in 0.049002 seconds 
  Import took 0.053059 seconds .

========================================================================
Received Import Request.
  Time since last request: 0.013767 seconds.
  path: Assets/Effects/Magic VFX/Magic VFX - Ice (FREE)/Models/Materials/FrostFlake_01.png
  artifactKey: Guid(42af2cf083b70ea44b1cdc0a139f2388) Importer(815301076,1909f56bfc062723c751e8b465ee728b)
Start importing Assets/Effects/Magic VFX/Magic VFX - Ice (FREE)/Models/Materials/FrostFlake_01.png using Guid(42af2cf083b70ea44b1cdc0a139f2388) Importer(815301076,1909f56bfc062723c751e8b465ee728b)  -> (artifact id: '0a4feca6782da6260a4bf35de404733c') in 0.019315 seconds 
  Import took 0.023653 seconds .

========================================================================
Received Import Request.
  Time since last request: 0.000223 seconds.
  path: Assets/UI/resource_default/gage_a_empty.png
  artifactKey: Guid(2a7229b8854f44e468f330c2cfe50c8d) Importer(815301076,1909f56bfc062723c751e8b465ee728b)
Start importing Assets/UI/resource_default/gage_a_empty.png using Guid(2a7229b8854f44e468f330c2cfe50c8d) Importer(815301076,1909f56bfc062723c751e8b465ee728b)  -> (artifact id: '1c236989d0239d6f2a92de7c687ae1ab') in 0.012919 seconds 
  Import took 0.018463 seconds .

========================================================================
Received Import Request.
  Time since last request: 0.000185 seconds.
  path: Assets/UI/resource_default/gage_b_fill05.png
  artifactKey: Guid(5f800e8c23f52d9439d7929cf06cd922) Importer(815301076,1909f56bfc062723c751e8b465ee728b)
Start importing Assets/UI/resource_default/gage_b_fill05.png using Guid(5f800e8c23f52d9439d7929cf06cd922) Importer(815301076,1909f56bfc062723c751e8b465ee728b)  -> (artifact id: '25437d9b2cd4d7c9019b32cacbdf1d81') in 0.011622 seconds 
  Import took 0.015688 seconds .

========================================================================
Received Import Request.
  Time since last request: 0.000237 seconds.
  path: Assets/UI/resource_default/gage_b_fill01.png
  artifactKey: Guid(9df81246e4df1154cb8d7410d2af7e84) Importer(815301076,1909f56bfc062723c751e8b465ee728b)
Start importing Assets/UI/resource_default/gage_b_fill01.png using Guid(9df81246e4df1154cb8d7410d2af7e84) Importer(815301076,1909f56bfc062723c751e8b465ee728b)  -> (artifact id: '9733db9c87c71cfbf73ce71020a332f6') in 0.012634 seconds 
  Import took 0.017543 seconds .

========================================================================
Received Import Request.
  Time since last request: 0.000183 seconds.
  path: Assets/UI/resource_default/gage_b_fill06.png
  artifactKey: Guid(9e2d10e868bfcc2459840cd98bcfde42) Importer(815301076,1909f56bfc062723c751e8b465ee728b)
Start importing Assets/UI/resource_default/gage_b_fill06.png using Guid(9e2d10e868bfcc2459840cd98bcfde42) Importer(815301076,1909f56bfc062723c751e8b465ee728b)  -> (artifact id: '4fc661a74265f5253afac606d1521996') in 0.013078 seconds 
  Import took 0.017006 seconds .

========================================================================
Received Import Request.
  Time since last request: 0.000215 seconds.
  path: Assets/GooglePlayPlugins/com.google.play.common/Runtime/Textures/GooglePlayInstantRetryButton.png
  artifactKey: Guid(4ed040dcefe674d42904db3a38e46697) Importer(815301076,1909f56bfc062723c751e8b465ee728b)
Start importing Assets/GooglePlayPlugins/com.google.play.common/Runtime/Textures/GooglePlayInstantRetryButton.png using Guid(4ed040dcefe674d42904db3a38e46697) Importer(815301076,1909f56bfc062723c751e8b465ee728b)  -> (artifact id: '7cfc71cf289057a4d75308f36c19a62e') in 0.014802 seconds 
  Import took 0.019686 seconds .

========================================================================
Received Import Request.
  Time since last request: 0.000255 seconds.
  path: Assets/UI/JellyIcons/256x256/Icons/BasicIcons/Gear.png
  artifactKey: Guid(36fc729c3e9de5d419b5ca47def0398d) Importer(815301076,1909f56bfc062723c751e8b465ee728b)
Start importing Assets/UI/JellyIcons/256x256/Icons/BasicIcons/Gear.png using Guid(36fc729c3e9de5d419b5ca47def0398d) Importer(815301076,1909f56bfc062723c751e8b465ee728b)  -> (artifact id: '80d6f1894c0ae5e86e9a075be39c7377') in 0.014425 seconds 
  Import took 0.020338 seconds .

========================================================================
Received Import Request.
  Time since last request: 0.000109 seconds.
  path: Assets/UI/resource_default/icon_arrowdown.png
  artifactKey: Guid(031411cfd15824643a4ccdedb8d36bc2) Importer(815301076,1909f56bfc062723c751e8b465ee728b)
Start importing Assets/UI/resource_default/icon_arrowdown.png using Guid(031411cfd15824643a4ccdedb8d36bc2) Importer(815301076,1909f56bfc062723c751e8b465ee728b)  -> (artifact id: '5353b7ca3edf3322afc96691ce707453') in 0.015819 seconds 
  Import took 0.020758 seconds .

========================================================================
Received Import Request.
  Time since last request: 0.000178 seconds.
  path: Assets/UI/resource_default/gage_b_fill_progress.png
  artifactKey: Guid(3ce5d913607d46846a0812d1b479e3d5) Importer(815301076,1909f56bfc062723c751e8b465ee728b)
Start importing Assets/UI/resource_default/gage_b_fill_progress.png using Guid(3ce5d913607d46846a0812d1b479e3d5) Importer(815301076,1909f56bfc062723c751e8b465ee728b)  -> (artifact id: 'ce8ad729a182b1d1bbdfd1387ee64dda') in 0.015442 seconds 
  Import took 0.020611 seconds .

========================================================================
Received Import Request.
  Time since last request: 0.000174 seconds.
  path: Assets/Effects/Magic VFX/Magic VFX - Ice (FREE)/Models/Materials/Glow_Ice_02.png
  artifactKey: Guid(c442edba9f2ee6f4e8473e40f9c531e4) Importer(815301076,1909f56bfc062723c751e8b465ee728b)
Start importing Assets/Effects/Magic VFX/Magic VFX - Ice (FREE)/Models/Materials/Glow_Ice_02.png using Guid(c442edba9f2ee6f4e8473e40f9c531e4) Importer(815301076,1909f56bfc062723c751e8b465ee728b)  -> (artifact id: 'b7d4ac0006abd3e5d9f5dd4c287ba429') in 0.021085 seconds 
  Import took 0.026720 seconds .

========================================================================
Received Import Request.
  Time since last request: 0.000241 seconds.
  path: Assets/UI/resource_default/gage_b_fill02.png
  artifactKey: Guid(bcb5b4fb84e360f4ab517305cc7ea5ab) Importer(815301076,1909f56bfc062723c751e8b465ee728b)
Start importing Assets/UI/resource_default/gage_b_fill02.png using Guid(bcb5b4fb84e360f4ab517305cc7ea5ab) Importer(815301076,1909f56bfc062723c751e8b465ee728b)  -> (artifact id: '45b2129bf32141cf89095e74f8f9f184') in 0.010655 seconds 
  Import took 0.017414 seconds .

========================================================================
Received Import Request.
  Time since last request: 0.000244 seconds.
  path: Assets/UI/resource_default/gage_b_fill08.png
  artifactKey: Guid(d40499526caa6e243958c6071f4d5b0f) Importer(815301076,1909f56bfc062723c751e8b465ee728b)
Start importing Assets/UI/resource_default/gage_b_fill08.png using Guid(d40499526caa6e243958c6071f4d5b0f) Importer(815301076,1909f56bfc062723c751e8b465ee728b)  -> (artifact id: 'e8d9bbddeeb813161998e26b66ebedbe') in 0.010143 seconds 
  Import took 0.014719 seconds .

========================================================================
Received Import Request.
  Time since last request: 0.000173 seconds.
  path: Assets/UI/resource_default/gage_b_fill04.png
  artifactKey: Guid(74eea1e5ac116724fad3c1971b35589c) Importer(815301076,1909f56bfc062723c751e8b465ee728b)
Start importing Assets/UI/resource_default/gage_b_fill04.png using Guid(74eea1e5ac116724fad3c1971b35589c) Importer(815301076,1909f56bfc062723c751e8b465ee728b)  -> (artifact id: '3c6cc704f3178ea5f55f8af6bc7ce5b0') in 0.011208 seconds 
  Import took 0.017847 seconds .

========================================================================
Received Import Request.
  Time since last request: 0.000197 seconds.
  path: Assets/UI/resource_default/gage_b_empty.png
  artifactKey: Guid(f6c1dea84b7a31e4b81d0f719c477e2e) Importer(815301076,1909f56bfc062723c751e8b465ee728b)
Start importing Assets/UI/resource_default/gage_b_empty.png using Guid(f6c1dea84b7a31e4b81d0f719c477e2e) Importer(815301076,1909f56bfc062723c751e8b465ee728b)  -> (artifact id: '91297a66e2de84d01a1de2def4f7ce2e') in 0.011130 seconds 
  Import took 0.017228 seconds .

========================================================================
Received Import Request.
  Time since last request: 0.000285 seconds.
  path: Assets/UI/resource_default/gage_b_fill03.png
  artifactKey: Guid(52351609d8e630847acd8fd9a9c40c89) Importer(815301076,1909f56bfc062723c751e8b465ee728b)
Start importing Assets/UI/resource_default/gage_b_fill03.png using Guid(52351609d8e630847acd8fd9a9c40c89) Importer(815301076,1909f56bfc062723c751e8b465ee728b)  -> (artifact id: '4702d22addf712637397b44b129dc0c3') in 0.013463 seconds 
  Import took 0.019505 seconds .

========================================================================
Received Import Request.
  Time since last request: 0.000256 seconds.
  path: Assets/UI/resource_default/gage_b_fill07.png
  artifactKey: Guid(3e5237d08b3a99a459942236eb0532f0) Importer(815301076,1909f56bfc062723c751e8b465ee728b)
Start importing Assets/UI/resource_default/gage_b_fill07.png using Guid(3e5237d08b3a99a459942236eb0532f0) Importer(815301076,1909f56bfc062723c751e8b465ee728b)  -> (artifact id: '1c7cd7665fd981f337e0fed40e06c99f') in 0.010408 seconds 
  Import took 0.015458 seconds .

========================================================================
Received Import Request.
  Time since last request: 1.150866 seconds.
  path: Assets/UI/JellyIcons/256x256/Icons/BasicIcons/Info.png
  artifactKey: Guid(41bbb0c15b638474a9d6d34e69bff34b) Importer(815301076,1909f56bfc062723c751e8b465ee728b)
Start importing Assets/UI/JellyIcons/256x256/Icons/BasicIcons/Info.png using Guid(41bbb0c15b638474a9d6d34e69bff34b) Importer(815301076,1909f56bfc062723c751e8b465ee728b)  -> (artifact id: 'aa1ae3d0e46a35a336a27245585a021a') in 0.015100 seconds 
  Import took 0.021752 seconds .

========================================================================
Received Import Request.
  Time since last request: 0.000599 seconds.
  path: Assets/UI/resource_default/innerbox_a_btn_03.png
  artifactKey: Guid(e5436bf6647d2f540b4dc774bf27593e) Importer(815301076,1909f56bfc062723c751e8b465ee728b)
Start importing Assets/UI/resource_default/innerbox_a_btn_03.png using Guid(e5436bf6647d2f540b4dc774bf27593e) Importer(815301076,1909f56bfc062723c751e8b465ee728b)  -> (artifact id: 'e9a924fcd8dbb2f5b14374c1e16bd5cd') in 0.010929 seconds 
  Import took 0.018901 seconds .

========================================================================
Received Import Request.
  Time since last request: 0.000191 seconds.
  path: Assets/UI/JellyIcons/256x256/Icons/BasicIcons/Ladder.png
  artifactKey: Guid(531778e08345e0c469914acdbe5384f7) Importer(815301076,1909f56bfc062723c751e8b465ee728b)
Start importing Assets/UI/JellyIcons/256x256/Icons/BasicIcons/Ladder.png using Guid(531778e08345e0c469914acdbe5384f7) Importer(815301076,1909f56bfc062723c751e8b465ee728b)  -> (artifact id: '1d0e609eac8cdb476bb33c35e953832d') in 0.012449 seconds 
  Import took 0.018964 seconds .

========================================================================
Received Import Request.
  Time since last request: 0.000144 seconds.
  path: Assets/UI/resource_default/innerbox_a_btn_02.png
  artifactKey: Guid(49eaf0cf4f54e7a4ab865811163498e6) Importer(815301076,1909f56bfc062723c751e8b465ee728b)
Start importing Assets/UI/resource_default/innerbox_a_btn_02.png using Guid(49eaf0cf4f54e7a4ab865811163498e6) Importer(815301076,1909f56bfc062723c751e8b465ee728b)  -> (artifact id: '1d011c527c0ccb0fbe22f5aa468990bc') in 0.012221 seconds 
  Import took 0.017100 seconds .

========================================================================
Received Import Request.
  Time since last request: 0.000250 seconds.
  path: Assets/UI/resource_default/innerbox_a_btn_04.png
  artifactKey: Guid(ff3db5d915c96184ea06e6aff8c7240a) Importer(815301076,1909f56bfc062723c751e8b465ee728b)
Start importing Assets/UI/resource_default/innerbox_a_btn_04.png using Guid(ff3db5d915c96184ea06e6aff8c7240a) Importer(815301076,1909f56bfc062723c751e8b465ee728b)  -> (artifact id: '4465b6c062ff8ef89948d4ab45a4f194') in 0.012275 seconds 
  Import took 0.017892 seconds .

========================================================================
Received Import Request.
  Time since last request: 0.000222 seconds.
  path: Assets/UI/resource_default/innerbox_a_btn.png
  artifactKey: Guid(4dc79b73247092e4ab1b277f39e3f809) Importer(815301076,1909f56bfc062723c751e8b465ee728b)
Start importing Assets/UI/resource_default/innerbox_a_btn.png using Guid(4dc79b73247092e4ab1b277f39e3f809) Importer(815301076,1909f56bfc062723c751e8b465ee728b)  -> (artifact id: '57e72dd1b2e317e852e750bb9cdc8e7b') in 0.011933 seconds 
  Import took 0.016301 seconds .

========================================================================
Received Import Request.
  Time since last request: 0.000072 seconds.
  path: Assets/UI/resource_default/innerbox_a.png
  artifactKey: Guid(d987d57fd92b64048bbfeee60e636663) Importer(815301076,1909f56bfc062723c751e8b465ee728b)
Start importing Assets/UI/resource_default/innerbox_a.png using Guid(d987d57fd92b64048bbfeee60e636663) Importer(815301076,1909f56bfc062723c751e8b465ee728b)  -> (artifact id: 'efe751a92b8d7232d00f2c786f7cbc88') in 0.014618 seconds 
  Import took 0.020833 seconds .

========================================================================
Received Import Request.
  Time since last request: 0.000228 seconds.
  path: Assets/UI/JellyIcons/256x256/Icons/BasicIcons/Joystick.png
  artifactKey: Guid(15869249112dfca48ad5ceed6822e4ae) Importer(815301076,1909f56bfc062723c751e8b465ee728b)
Start importing Assets/UI/JellyIcons/256x256/Icons/BasicIcons/Joystick.png using Guid(15869249112dfca48ad5ceed6822e4ae) Importer(815301076,1909f56bfc062723c751e8b465ee728b)  -> (artifact id: '5323d2dd4ea1326b5aae3d9ede57612b') in 0.013223 seconds 
  Import took 0.017552 seconds .

========================================================================
Received Import Request.
  Time since last request: 0.000228 seconds.
  path: Assets/UI/resource_default/innerbox_a_btn_01.png
  artifactKey: Guid(34d3404d20b7a8245b1fac6e7855b705) Importer(815301076,1909f56bfc062723c751e8b465ee728b)
Start importing Assets/UI/resource_default/innerbox_a_btn_01.png using Guid(34d3404d20b7a8245b1fac6e7855b705) Importer(815301076,1909f56bfc062723c751e8b465ee728b)  -> (artifact id: '3ec143be2060ca3b112f46980ac4ebd4') in 0.009032 seconds 
  Import took 0.014552 seconds .

========================================================================
Received Import Request.
  Time since last request: 0.520185 seconds.
  path: Assets/UI/JellyIcons/256x256/Icons/BasicIcons/Stars.png
  artifactKey: Guid(d9c72805535498d459ed44c073f897e9) Importer(815301076,1909f56bfc062723c751e8b465ee728b)
Start importing Assets/UI/JellyIcons/256x256/Icons/BasicIcons/Stars.png using Guid(d9c72805535498d459ed44c073f897e9) Importer(815301076,1909f56bfc062723c751e8b465ee728b)  -> (artifact id: '578f93b6ffd6a71cb2fe1623f111d398') in 0.024611 seconds 
  Import took 0.037064 seconds .

========================================================================
Received Import Request.
  Time since last request: 0.000234 seconds.
  path: Assets/UI/JellyIcons/256x256/Icons/BasicIcons/Upload.png
  artifactKey: Guid(d4845893a7f4ad04bac185a4db4a2e0e) Importer(815301076,1909f56bfc062723c751e8b465ee728b)
Start importing Assets/UI/JellyIcons/256x256/Icons/BasicIcons/Upload.png using Guid(d4845893a7f4ad04bac185a4db4a2e0e) Importer(815301076,1909f56bfc062723c751e8b465ee728b)  -> (artifact id: '7208a9be38a07efafad0641093b9a574') in 0.013167 seconds 
  Import took 0.017769 seconds .

========================================================================
Received Import Request.
  Time since last request: 0.000230 seconds.
  path: Assets/UI/JellyIcons/256x256/Icons/BasicIcons/Videocamera.png
  artifactKey: Guid(41505e4d97e43cb4797146d8ca4d4aa7) Importer(815301076,1909f56bfc062723c751e8b465ee728b)
Start importing Assets/UI/JellyIcons/256x256/Icons/BasicIcons/Videocamera.png using Guid(41505e4d97e43cb4797146d8ca4d4aa7) Importer(815301076,1909f56bfc062723c751e8b465ee728b)  -> (artifact id: 'a39441fcbf91d43f99c6fa2f308c168a') in 0.013833 seconds 
  Import took 0.020012 seconds .

========================================================================
Received Import Request.
  Time since last request: 0.000234 seconds.
  path: Assets/UI/JellyIcons/256x256/Icons/BasicIcons/Unlock.png
  artifactKey: Guid(d7babbc52d667044db16d56c0c46a8ed) Importer(815301076,1909f56bfc062723c751e8b465ee728b)
Start importing Assets/UI/JellyIcons/256x256/Icons/BasicIcons/Unlock.png using Guid(d7babbc52d667044db16d56c0c46a8ed) Importer(815301076,1909f56bfc062723c751e8b465ee728b)  -> (artifact id: '656e6cac19b881274519a3a0ac53851e') in 0.019620 seconds 
  Import took 0.025458 seconds .

========================================================================
Received Import Request.
  Time since last request: 0.000309 seconds.
  path: Assets/UI/JellyIcons/256x256/Icons/BasicIcons/Twitter.png
  artifactKey: Guid(c32ffb12e8a5289438b65c7a662d2a05) Importer(815301076,1909f56bfc062723c751e8b465ee728b)
Start importing Assets/UI/JellyIcons/256x256/Icons/BasicIcons/Twitter.png using Guid(c32ffb12e8a5289438b65c7a662d2a05) Importer(815301076,1909f56bfc062723c751e8b465ee728b)  -> (artifact id: 'ed17ed3d2ab4e36c75ccc217165423f1') in 0.016401 seconds 
  Import took 0.021506 seconds .

========================================================================
Received Import Request.
  Time since last request: 0.000209 seconds.
  path: Assets/UI/JellyIcons/256x256/Icons/BasicIcons/Stop.png
  artifactKey: Guid(82961282a9050384a9e47f84d0ec4f7e) Importer(815301076,1909f56bfc062723c751e8b465ee728b)
Start importing Assets/UI/JellyIcons/256x256/Icons/BasicIcons/Stop.png using Guid(82961282a9050384a9e47f84d0ec4f7e) Importer(815301076,1909f56bfc062723c751e8b465ee728b)  -> (artifact id: '0781e063a4fc7314bd604fbeb6e9c111') in 0.014587 seconds 
  Import took 0.019579 seconds .

========================================================================
Received Import Request.
  Time since last request: 0.000179 seconds.
  path: Assets/UI/JellyIcons/256x256/Icons/BasicIcons/Vibration.png
  artifactKey: Guid(415a9f4fdc067be49891a1e6b3970e31) Importer(815301076,1909f56bfc062723c751e8b465ee728b)
Start importing Assets/UI/JellyIcons/256x256/Icons/BasicIcons/Vibration.png using Guid(415a9f4fdc067be49891a1e6b3970e31) Importer(815301076,1909f56bfc062723c751e8b465ee728b)  -> (artifact id: 'f4c9c04863662429d3118785398fcd14') in 0.017903 seconds 
  Import took 0.022004 seconds .

========================================================================
Received Import Request.
  Time since last request: 0.000185 seconds.
  path: Assets/UI/JellyIcons/256x256/Icons/BasicIcons/Stat.png
  artifactKey: Guid(c5b19292e6007ba4e8d3a1942b5c48ab) Importer(815301076,1909f56bfc062723c751e8b465ee728b)
Start importing Assets/UI/JellyIcons/256x256/Icons/BasicIcons/Stat.png using Guid(c5b19292e6007ba4e8d3a1942b5c48ab) Importer(815301076,1909f56bfc062723c751e8b465ee728b)  -> (artifact id: 'a723aa427bd7de80f4fb127d6b5e24e7') in 0.013987 seconds 
  Import took 0.020448 seconds .

========================================================================
Received Import Request.
  Time since last request: 0.000259 seconds.
  path: Assets/UI/resource_default/textinput_a.png
  artifactKey: Guid(e4430d406d9e002418f1d3cf864fb0ff) Importer(815301076,1909f56bfc062723c751e8b465ee728b)
Start importing Assets/UI/resource_default/textinput_a.png using Guid(e4430d406d9e002418f1d3cf864fb0ff) Importer(815301076,1909f56bfc062723c751e8b465ee728b)  -> (artifact id: 'e44c36ebddb777fcfcd1b0d7887af825') in 0.013226 seconds 
  Import took 0.018066 seconds .

========================================================================
Received Import Request.
  Time since last request: 228.072667 seconds.
  path: Assets/UI/Animations/BG.controller
  artifactKey: Guid(ecf31a2bff8fa8e4ba774217d676a6f5) Importer(815301076,1909f56bfc062723c751e8b465ee728b)
Start importing Assets/UI/Animations/BG.controller using Guid(ecf31a2bff8fa8e4ba774217d676a6f5) Importer(815301076,1909f56bfc062723c751e8b465ee728b)  -> (artifact id: 'e27dd84cec1ce5a5c1e3deb1d0dff368') in 0.005558 seconds 
  Import took 0.010814 seconds .

========================================================================
Received Import Request.
  Time since last request: 16.740404 seconds.
  path: Assets/UI/Animations/BgMenu.anim
  artifactKey: Guid(1d900a8f1383f6a4abcfc75dd39aec4b) Importer(815301076,1909f56bfc062723c751e8b465ee728b)
Start importing Assets/UI/Animations/BgMenu.anim using Guid(1d900a8f1383f6a4abcfc75dd39aec4b) Importer(815301076,1909f56bfc062723c751e8b465ee728b)  -> (artifact id: '1197544a49df122120af16cbb320cca5') in 0.003672 seconds 
  Import took 0.007942 seconds .

========================================================================
Received Prepare
Registering precompiled user dll's ...
Registered in 0.005554 seconds.
Begin MonoManager ReloadAssembly
Native extension for WindowsStandalone target not found
Refreshing native plugins compatible for Editor in 1.33 ms, found 2 plugins.
Preloading 0 native plugins for Editor in 0.00 ms.
GPGSUpgrader start
UnityEngine.StackTraceUtility:ExtractStackTrace ()
UnityEngine.DebugLogHandler:LogFormat (UnityEngine.LogType,UnityEngine.Object,string,object[])
UnityEngine.Logger:Log (UnityEngine.LogType,object)
UnityEngine.Debug:Log (object)
GooglePlayGames.Editor.GPGSUpgrader:.cctor () (at Assets/GooglePlayGames/Editor/GPGSUpgrader.cs:38)
System.Runtime.CompilerServices.RuntimeHelpers:RunClassConstructor (System.RuntimeTypeHandle)
UnityEditor.EditorAssemblies:ProcessInitializeOnLoadAttributes (System.Type[])

(Filename: Assets/GooglePlayGames/Editor/GPGSUpgrader.cs Line: 38)

GPGSUpgrader done
UnityEngine.StackTraceUtility:ExtractStackTrace ()
UnityEngine.DebugLogHandler:LogFormat (UnityEngine.LogType,UnityEngine.Object,string,object[])
UnityEngine.Logger:Log (UnityEngine.LogType,object)
UnityEngine.Debug:Log (object)
GooglePlayGames.Editor.GPGSUpgrader:.cctor () (at Assets/GooglePlayGames/Editor/GPGSUpgrader.cs:105)
System.Runtime.CompilerServices.RuntimeHelpers:RunClassConstructor (System.RuntimeTypeHandle)
UnityEditor.EditorAssemblies:ProcessInitializeOnLoadAttributes (System.Type[])

(Filename: Assets/GooglePlayGames/Editor/GPGSUpgrader.cs Line: 105)

Mono: successfully reloaded assembly
- Completed reload, in  1.154 seconds
Domain Reload Profiling:
	ReloadAssembly (1154ms)
		BeginReloadAssembly (110ms)
			ExecutionOrderSort (0ms)
			DisableScriptedObjects (4ms)
			BackupInstance (0ms)
			ReleaseScriptingObjects (0ms)
			CreateAndSetChildDomain (35ms)
		EndReloadAssembly (984ms)
			LoadAssemblies (88ms)
			RebuildTransferFunctionScriptingTraits (0ms)
			SetupTypeCache (298ms)
			ReleaseScriptCaches (1ms)
			RebuildScriptCaches (43ms)
			SetupLoadedEditorAssemblies (439ms)
				LogAssemblyErrors (0ms)
				InitializePlatformSupportModulesInManaged (7ms)
				SetLoadedEditorAssemblies (1ms)
				RefreshPlugins (1ms)
				BeforeProcessingInitializeOnLoad (84ms)
				ProcessInitializeOnLoadAttributes (306ms)
				ProcessInitializeOnLoadMethodAttributes (36ms)
				AfterProcessingInitializeOnLoad (4ms)
				EditorAssembliesLoaded (0ms)
			ExecutionOrderSort2 (0ms)
			AwakeInstancesAfterBackupRestoration (7ms)
Platform modules already initialized, skipping
Switching build target platform(19) subTarget(0) extendedPlatform(0) -> platform(13) subTarget(537395200) extendedPlatform(0)
Refreshing native plugins compatible for Editor in 1.56 ms, found 2 plugins.
Preloading 0 native plugins for Editor in 0.00 ms.
Unloading 2297 Unused Serialized files (Serialized files now loaded: 0)
System memory in use before: 165.3 MB.
System memory in use after: 165.5 MB.

Unloading 113 unused Assets to reduce memory usage. Loaded Objects now: 2718.
Total: 7.275000 ms (FindLiveObjects: 0.225700 ms CreateObjectMapping: 0.107400 ms MarkObjects: 6.868200 ms  DeleteObjects: 0.071500 ms)

AssetImportParameters requested are different than current active one (requested -> active):
  custom:framework-win-MediaFoundation: 216162199b28c13a410421893ffa2e32 -> 
  custom:video-decoder-ogg-theora: a1e56fd34408186e4bbccfd4996cb3dc -> 
  custom:container-muxer-webm: aa71ff27fc2769a1b78a27578f13a17b -> 
  custom:container-demuxer-webm: 4f35f7cbe854078d1ac9338744f61a02 -> 
  custom:container-demuxer-ogg: 62fdf1f143b41e24485cea50d1cbac27 -> 
  custom:video-encoder-webm-vp8: eb34c28f22e8b96e1ab97ce403110664 -> 
  custom:video-decoder-webm-vp8: 9c59270c3fd7afecdb556c50c9e8de78 -> 
  custom:graphics/normal-map-encoding: 01000000000000000000000000000000 -> 02000000000000000000000000000000
  custom:audio-decoder-ogg-vorbis: bf7c407c2cedff20999df2af8eb42d56 -> 
  custom:audio-encoder-webm-vorbis: bf7c407c2cedff20999df2af8eb42d56 -> 
========================================================================
Received Import Request.
  Time since last request: 105.844077 seconds.
  path: Assets/SaveXML.xml
  artifactKey: Guid(e09835080fe7c18498f55df7251ef535) Importer(815301076,1909f56bfc062723c751e8b465ee728b)
Start importing Assets/SaveXML.xml using Guid(e09835080fe7c18498f55df7251ef535) Importer(815301076,1909f56bfc062723c751e8b465ee728b)  -> (artifact id: '24f6726b12b19e227afe96c016688434') in 0.022691 seconds 
  Import took 0.027370 seconds .

========================================================================
Received Prepare
Registering precompiled user dll's ...
Registered in 0.007156 seconds.
Begin MonoManager ReloadAssembly
Native extension for WindowsStandalone target not found
Refreshing native plugins compatible for Editor in 1.38 ms, found 2 plugins.
Preloading 0 native plugins for Editor in 0.00 ms.
GPGSUpgrader start
UnityEngine.StackTraceUtility:ExtractStackTrace ()
UnityEngine.DebugLogHandler:LogFormat (UnityEngine.LogType,UnityEngine.Object,string,object[])
UnityEngine.Logger:Log (UnityEngine.LogType,object)
UnityEngine.Debug:Log (object)
GooglePlayGames.Editor.GPGSUpgrader:.cctor () (at Assets/GooglePlayGames/Editor/GPGSUpgrader.cs:38)
System.Runtime.CompilerServices.RuntimeHelpers:RunClassConstructor (System.RuntimeTypeHandle)
UnityEditor.EditorAssemblies:ProcessInitializeOnLoadAttributes (System.Type[])

(Filename: Assets/GooglePlayGames/Editor/GPGSUpgrader.cs Line: 38)

GPGSUpgrader done
UnityEngine.StackTraceUtility:ExtractStackTrace ()
UnityEngine.DebugLogHandler:LogFormat (UnityEngine.LogType,UnityEngine.Object,string,object[])
UnityEngine.Logger:Log (UnityEngine.LogType,object)
UnityEngine.Debug:Log (object)
GooglePlayGames.Editor.GPGSUpgrader:.cctor () (at Assets/GooglePlayGames/Editor/GPGSUpgrader.cs:105)
System.Runtime.CompilerServices.RuntimeHelpers:RunClassConstructor (System.RuntimeTypeHandle)
UnityEditor.EditorAssemblies:ProcessInitializeOnLoadAttributes (System.Type[])

(Filename: Assets/GooglePlayGames/Editor/GPGSUpgrader.cs Line: 105)

Mono: successfully reloaded assembly
- Completed reload, in  1.149 seconds
Domain Reload Profiling:
	ReloadAssembly (1150ms)
		BeginReloadAssembly (124ms)
			ExecutionOrderSort (0ms)
			DisableScriptedObjects (7ms)
			BackupInstance (0ms)
			ReleaseScriptingObjects (0ms)
			CreateAndSetChildDomain (39ms)
		EndReloadAssembly (963ms)
			LoadAssemblies (90ms)
			RebuildTransferFunctionScriptingTraits (0ms)
			SetupTypeCache (288ms)
			ReleaseScriptCaches (1ms)
			RebuildScriptCaches (41ms)
			SetupLoadedEditorAssemblies (430ms)
				LogAssemblyErrors (0ms)
				InitializePlatformSupportModulesInManaged (4ms)
				SetLoadedEditorAssemblies (1ms)
				RefreshPlugins (1ms)
				BeforeProcessingInitializeOnLoad (77ms)
				ProcessInitializeOnLoadAttributes (305ms)
				ProcessInitializeOnLoadMethodAttributes (38ms)
				AfterProcessingInitializeOnLoad (4ms)
				EditorAssembliesLoaded (0ms)
			ExecutionOrderSort2 (0ms)
			AwakeInstancesAfterBackupRestoration (7ms)
Platform modules already initialized, skipping
Switching build target platform(19) subTarget(0) extendedPlatform(0) -> platform(13) subTarget(537395200) extendedPlatform(0)
Refreshing native plugins compatible for Editor in 1.13 ms, found 2 plugins.
Preloading 0 native plugins for Editor in 0.00 ms.
Unloading 2297 Unused Serialized files (Serialized files now loaded: 0)
System memory in use before: 165.4 MB.
System memory in use after: 165.6 MB.

Unloading 113 unused Assets to reduce memory usage. Loaded Objects now: 2720.
Total: 7.597700 ms (FindLiveObjects: 0.598000 ms CreateObjectMapping: 0.164000 ms MarkObjects: 6.785000 ms  DeleteObjects: 0.047900 ms)

AssetImportParameters requested are different than current active one (requested -> active):
  custom:framework-win-MediaFoundation: 216162199b28c13a410421893ffa2e32 -> 
  custom:video-decoder-ogg-theora: a1e56fd34408186e4bbccfd4996cb3dc -> 
  custom:container-muxer-webm: aa71ff27fc2769a1b78a27578f13a17b -> 
  custom:container-demuxer-webm: 4f35f7cbe854078d1ac9338744f61a02 -> 
  custom:container-demuxer-ogg: 62fdf1f143b41e24485cea50d1cbac27 -> 
  custom:video-encoder-webm-vp8: eb34c28f22e8b96e1ab97ce403110664 -> 
  custom:video-decoder-webm-vp8: 9c59270c3fd7afecdb556c50c9e8de78 -> 
  custom:graphics/normal-map-encoding: 01000000000000000000000000000000 -> 02000000000000000000000000000000
  custom:audio-decoder-ogg-vorbis: bf7c407c2cedff20999df2af8eb42d56 -> 
  custom:audio-encoder-webm-vorbis: bf7c407c2cedff20999df2af8eb42d56 -> 
========================================================================
Received Import Request.
  Time since last request: 189.650721 seconds.
  path: Assets/UI/Shadows.png
  artifactKey: Guid(448a0fa2cd4d7bd41b12afeecb48e987) Importer(815301076,1909f56bfc062723c751e8b465ee728b)
Start importing Assets/UI/Shadows.png using Guid(448a0fa2cd4d7bd41b12afeecb48e987) Importer(815301076,1909f56bfc062723c751e8b465ee728b)  -> (artifact id: 'a219c2e299ee2ba4b98d5a6094d4ae86') in 0.061576 seconds 
  Import took 0.065391 seconds .

========================================================================
Received Import Request.
  Time since last request: 8.156623 seconds.
  path: Assets/UI/Shadows.png
  artifactKey: Guid(448a0fa2cd4d7bd41b12afeecb48e987) Importer(815301076,1909f56bfc062723c751e8b465ee728b)
Start importing Assets/UI/Shadows.png using Guid(448a0fa2cd4d7bd41b12afeecb48e987) Importer(815301076,1909f56bfc062723c751e8b465ee728b)  -> (artifact id: 'b07b6646718391ea279773805fc3e66e') in 0.042563 seconds 
  Import took 0.046481 seconds .

========================================================================
Received Import Request.
  Time since last request: 20.858698 seconds.
  path: Assets/UI/Shadows.png
  artifactKey: Guid(448a0fa2cd4d7bd41b12afeecb48e987) Importer(815301076,1909f56bfc062723c751e8b465ee728b)
Start importing Assets/UI/Shadows.png using Guid(448a0fa2cd4d7bd41b12afeecb48e987) Importer(815301076,1909f56bfc062723c751e8b465ee728b)  -> (artifact id: 'd732c1487966edcf1e91a95a57114076') in 0.020137 seconds 
  Import took 0.023951 seconds .

========================================================================
Received Prepare
Registering precompiled user dll's ...
Registered in 0.003909 seconds.
Begin MonoManager ReloadAssembly
Native extension for WindowsStandalone target not found
Refreshing native plugins compatible for Editor in 1.75 ms, found 2 plugins.
Preloading 0 native plugins for Editor in 0.00 ms.
GPGSUpgrader start
UnityEngine.StackTraceUtility:ExtractStackTrace ()
UnityEngine.DebugLogHandler:LogFormat (UnityEngine.LogType,UnityEngine.Object,string,object[])
UnityEngine.Logger:Log (UnityEngine.LogType,object)
UnityEngine.Debug:Log (object)
GooglePlayGames.Editor.GPGSUpgrader:.cctor () (at Assets/GooglePlayGames/Editor/GPGSUpgrader.cs:38)
System.Runtime.CompilerServices.RuntimeHelpers:RunClassConstructor (System.RuntimeTypeHandle)
UnityEditor.EditorAssemblies:ProcessInitializeOnLoadAttributes (System.Type[])

(Filename: Assets/GooglePlayGames/Editor/GPGSUpgrader.cs Line: 38)

GPGSUpgrader done
UnityEngine.StackTraceUtility:ExtractStackTrace ()
UnityEngine.DebugLogHandler:LogFormat (UnityEngine.LogType,UnityEngine.Object,string,object[])
UnityEngine.Logger:Log (UnityEngine.LogType,object)
UnityEngine.Debug:Log (object)
GooglePlayGames.Editor.GPGSUpgrader:.cctor () (at Assets/GooglePlayGames/Editor/GPGSUpgrader.cs:105)
System.Runtime.CompilerServices.RuntimeHelpers:RunClassConstructor (System.RuntimeTypeHandle)
UnityEditor.EditorAssemblies:ProcessInitializeOnLoadAttributes (System.Type[])

(Filename: Assets/GooglePlayGames/Editor/GPGSUpgrader.cs Line: 105)

Mono: successfully reloaded assembly
- Completed reload, in  1.322 seconds
Domain Reload Profiling:
	ReloadAssembly (1322ms)
		BeginReloadAssembly (125ms)
			ExecutionOrderSort (0ms)
			DisableScriptedObjects (5ms)
			BackupInstance (0ms)
			ReleaseScriptingObjects (0ms)
			CreateAndSetChildDomain (43ms)
		EndReloadAssembly (1127ms)
			LoadAssemblies (101ms)
			RebuildTransferFunctionScriptingTraits (0ms)
			SetupTypeCache (377ms)
			ReleaseScriptCaches (1ms)
			RebuildScriptCaches (54ms)
			SetupLoadedEditorAssemblies (455ms)
				LogAssemblyErrors (0ms)
				InitializePlatformSupportModulesInManaged (6ms)
				SetLoadedEditorAssemblies (1ms)
				RefreshPlugins (2ms)
				BeforeProcessingInitializeOnLoad (83ms)
				ProcessInitializeOnLoadAttributes (324ms)
				ProcessInitializeOnLoadMethodAttributes (35ms)
				AfterProcessingInitializeOnLoad (4ms)
				EditorAssembliesLoaded (0ms)
			ExecutionOrderSort2 (0ms)
			AwakeInstancesAfterBackupRestoration (7ms)
Platform modules already initialized, skipping
Switching build target platform(19) subTarget(0) extendedPlatform(0) -> platform(13) subTarget(537395200) extendedPlatform(0)
Refreshing native plugins compatible for Editor in 1.30 ms, found 2 plugins.
Preloading 0 native plugins for Editor in 0.00 ms.
Unloading 2331 Unused Serialized files (Serialized files now loaded: 0)
System memory in use before: 166.5 MB.
System memory in use after: 166.7 MB.

Unloading 113 unused Assets to reduce memory usage. Loaded Objects now: 2757.
Total: 6.489300 ms (FindLiveObjects: 0.424100 ms CreateObjectMapping: 0.245500 ms MarkObjects: 5.768800 ms  DeleteObjects: 0.049200 ms)

AssetImportParameters requested are different than current active one (requested -> active):
  custom:framework-win-MediaFoundation: 216162199b28c13a410421893ffa2e32 -> 
  custom:video-decoder-ogg-theora: a1e56fd34408186e4bbccfd4996cb3dc -> 
  custom:container-muxer-webm: aa71ff27fc2769a1b78a27578f13a17b -> 
  custom:container-demuxer-webm: 4f35f7cbe854078d1ac9338744f61a02 -> 
  custom:container-demuxer-ogg: 62fdf1f143b41e24485cea50d1cbac27 -> 
  custom:video-encoder-webm-vp8: eb34c28f22e8b96e1ab97ce403110664 -> 
  custom:video-decoder-webm-vp8: 9c59270c3fd7afecdb556c50c9e8de78 -> 
  custom:graphics/normal-map-encoding: 01000000000000000000000000000000 -> 02000000000000000000000000000000
  custom:audio-decoder-ogg-vorbis: bf7c407c2cedff20999df2af8eb42d56 -> 
  custom:audio-encoder-webm-vorbis: bf7c407c2cedff20999df2af8eb42d56 -> 
========================================================================
Received Import Request.
  Time since last request: 74.961242 seconds.
  path: Assets/UI/Shadows.png
  artifactKey: Guid(448a0fa2cd4d7bd41b12afeecb48e987) Importer(815301076,1909f56bfc062723c751e8b465ee728b)
Start importing Assets/UI/Shadows.png using Guid(448a0fa2cd4d7bd41b12afeecb48e987) Importer(815301076,1909f56bfc062723c751e8b465ee728b)  -> (artifact id: '7b5964edf762dac7e73a04bd36b61aad') in 0.083915 seconds 
  Import took 0.088043 seconds .

========================================================================
Received Import Request.
  Time since last request: 40.149104 seconds.
  path: Assets/Effects/JMO Assets/Cartoon FX/Materials/Light/CFX4_AuraBubble ADD.mat
  artifactKey: Guid(b701c416ffd5db94eab6dbfe25b8247e) Importer(815301076,1909f56bfc062723c751e8b465ee728b)
Start importing Assets/Effects/JMO Assets/Cartoon FX/Materials/Light/CFX4_AuraBubble ADD.mat using Guid(b701c416ffd5db94eab6dbfe25b8247e) Importer(815301076,1909f56bfc062723c751e8b465ee728b)  -> (artifact id: 'eb8b67559bacba8fb49fc1745ece6435') in 0.052104 seconds 
  Import took 0.055765 seconds .

========================================================================
Received Import Request.
  Time since last request: 223.536572 seconds.
  path: Assets/Scripts/Skills/SkillsController.cs
  artifactKey: Guid(bdcbf34624457cf4892e8c29248630d3) Importer(815301076,1909f56bfc062723c751e8b465ee728b)
Start importing Assets/Scripts/Skills/SkillsController.cs using Guid(bdcbf34624457cf4892e8c29248630d3) Importer(815301076,1909f56bfc062723c751e8b465ee728b)  -> (artifact id: '67481a5054c674cdb9aff7d8e7a2d0f2') in 0.010131 seconds 
  Import took 0.018467 seconds .

========================================================================
Received Prepare
Registering precompiled user dll's ...
Registered in 0.003635 seconds.
Begin MonoManager ReloadAssembly
Native extension for WindowsStandalone target not found
Refreshing native plugins compatible for Editor in 1.17 ms, found 2 plugins.
Preloading 0 native plugins for Editor in 0.00 ms.
GPGSUpgrader start
UnityEngine.StackTraceUtility:ExtractStackTrace ()
UnityEngine.DebugLogHandler:LogFormat (UnityEngine.LogType,UnityEngine.Object,string,object[])
UnityEngine.Logger:Log (UnityEngine.LogType,object)
UnityEngine.Debug:Log (object)
GooglePlayGames.Editor.GPGSUpgrader:.cctor () (at Assets/GooglePlayGames/Editor/GPGSUpgrader.cs:38)
System.Runtime.CompilerServices.RuntimeHelpers:RunClassConstructor (System.RuntimeTypeHandle)
UnityEditor.EditorAssemblies:ProcessInitializeOnLoadAttributes (System.Type[])

(Filename: Assets/GooglePlayGames/Editor/GPGSUpgrader.cs Line: 38)

GPGSUpgrader done
UnityEngine.StackTraceUtility:ExtractStackTrace ()
UnityEngine.DebugLogHandler:LogFormat (UnityEngine.LogType,UnityEngine.Object,string,object[])
UnityEngine.Logger:Log (UnityEngine.LogType,object)
UnityEngine.Debug:Log (object)
GooglePlayGames.Editor.GPGSUpgrader:.cctor () (at Assets/GooglePlayGames/Editor/GPGSUpgrader.cs:105)
System.Runtime.CompilerServices.RuntimeHelpers:RunClassConstructor (System.RuntimeTypeHandle)
UnityEditor.EditorAssemblies:ProcessInitializeOnLoadAttributes (System.Type[])

(Filename: Assets/GooglePlayGames/Editor/GPGSUpgrader.cs Line: 105)

Mono: successfully reloaded assembly
- Completed reload, in  1.701 seconds
Domain Reload Profiling:
	ReloadAssembly (1702ms)
		BeginReloadAssembly (132ms)
			ExecutionOrderSort (0ms)
			DisableScriptedObjects (4ms)
			BackupInstance (0ms)
			ReleaseScriptingObjects (0ms)
			CreateAndSetChildDomain (45ms)
		EndReloadAssembly (1498ms)
			LoadAssemblies (114ms)
			RebuildTransferFunctionScriptingTraits (0ms)
			SetupTypeCache (366ms)
			ReleaseScriptCaches (1ms)
			RebuildScriptCaches (45ms)
			SetupLoadedEditorAssemblies (539ms)
				LogAssemblyErrors (0ms)
				InitializePlatformSupportModulesInManaged (5ms)
				SetLoadedEditorAssemblies (1ms)
				RefreshPlugins (1ms)
				BeforeProcessingInitializeOnLoad (81ms)
				ProcessInitializeOnLoadAttributes (304ms)
				ProcessInitializeOnLoadMethodAttributes (140ms)
				AfterProcessingInitializeOnLoad (6ms)
				EditorAssembliesLoaded (0ms)
			ExecutionOrderSort2 (0ms)
			AwakeInstancesAfterBackupRestoration (15ms)
Platform modules already initialized, skipping
Switching build target platform(19) subTarget(0) extendedPlatform(0) -> platform(13) subTarget(537395200) extendedPlatform(0)
Refreshing native plugins compatible for Editor in 1.24 ms, found 2 plugins.
Preloading 0 native plugins for Editor in 0.00 ms.
Unloading 2331 Unused Serialized files (Serialized files now loaded: 0)
System memory in use before: 166.7 MB.
System memory in use after: 167.0 MB.

Unloading 113 unused Assets to reduce memory usage. Loaded Objects now: 2802.
Total: 7.617800 ms (FindLiveObjects: 0.395400 ms CreateObjectMapping: 0.173200 ms MarkObjects: 6.975100 ms  DeleteObjects: 0.071400 ms)

AssetImportParameters requested are different than current active one (requested -> active):
  custom:framework-win-MediaFoundation: 216162199b28c13a410421893ffa2e32 -> 
  custom:video-decoder-ogg-theora: a1e56fd34408186e4bbccfd4996cb3dc -> 
  custom:container-muxer-webm: aa71ff27fc2769a1b78a27578f13a17b -> 
  custom:container-demuxer-webm: 4f35f7cbe854078d1ac9338744f61a02 -> 
  custom:container-demuxer-ogg: 62fdf1f143b41e24485cea50d1cbac27 -> 
  custom:video-encoder-webm-vp8: eb34c28f22e8b96e1ab97ce403110664 -> 
  custom:video-decoder-webm-vp8: 9c59270c3fd7afecdb556c50c9e8de78 -> 
  custom:graphics/normal-map-encoding: 01000000000000000000000000000000 -> 02000000000000000000000000000000
  custom:audio-decoder-ogg-vorbis: bf7c407c2cedff20999df2af8eb42d56 -> 
  custom:audio-encoder-webm-vorbis: bf7c407c2cedff20999df2af8eb42d56 -> 
========================================================================
Received Prepare
Registering precompiled user dll's ...
Registered in 0.004517 seconds.
Begin MonoManager ReloadAssembly
Native extension for WindowsStandalone target not found
Refreshing native plugins compatible for Editor in 1.19 ms, found 2 plugins.
Preloading 0 native plugins for Editor in 0.00 ms.
GPGSUpgrader start
UnityEngine.StackTraceUtility:ExtractStackTrace ()
UnityEngine.DebugLogHandler:LogFormat (UnityEngine.LogType,UnityEngine.Object,string,object[])
UnityEngine.Logger:Log (UnityEngine.LogType,object)
UnityEngine.Debug:Log (object)
GooglePlayGames.Editor.GPGSUpgrader:.cctor () (at Assets/GooglePlayGames/Editor/GPGSUpgrader.cs:38)
System.Runtime.CompilerServices.RuntimeHelpers:RunClassConstructor (System.RuntimeTypeHandle)
UnityEditor.EditorAssemblies:ProcessInitializeOnLoadAttributes (System.Type[])

(Filename: Assets/GooglePlayGames/Editor/GPGSUpgrader.cs Line: 38)

GPGSUpgrader done
UnityEngine.StackTraceUtility:ExtractStackTrace ()
UnityEngine.DebugLogHandler:LogFormat (UnityEngine.LogType,UnityEngine.Object,string,object[])
UnityEngine.Logger:Log (UnityEngine.LogType,object)
UnityEngine.Debug:Log (object)
GooglePlayGames.Editor.GPGSUpgrader:.cctor () (at Assets/GooglePlayGames/Editor/GPGSUpgrader.cs:105)
System.Runtime.CompilerServices.RuntimeHelpers:RunClassConstructor (System.RuntimeTypeHandle)
UnityEditor.EditorAssemblies:ProcessInitializeOnLoadAttributes (System.Type[])

(Filename: Assets/GooglePlayGames/Editor/GPGSUpgrader.cs Line: 105)

Mono: successfully reloaded assembly
- Completed reload, in  1.742 seconds
Domain Reload Profiling:
	ReloadAssembly (1743ms)
		BeginReloadAssembly (221ms)
			ExecutionOrderSort (0ms)
			DisableScriptedObjects (6ms)
			BackupInstance (0ms)
			ReleaseScriptingObjects (0ms)
			CreateAndSetChildDomain (86ms)
		EndReloadAssembly (1296ms)
			LoadAssemblies (217ms)
			RebuildTransferFunctionScriptingTraits (0ms)
			SetupTypeCache (433ms)
			ReleaseScriptCaches (1ms)
			RebuildScriptCaches (52ms)
			SetupLoadedEditorAssemblies (498ms)
				LogAssemblyErrors (0ms)
				InitializePlatformSupportModulesInManaged (5ms)
				SetLoadedEditorAssemblies (1ms)
				RefreshPlugins (1ms)
				BeforeProcessingInitializeOnLoad (119ms)
				ProcessInitializeOnLoadAttributes (327ms)
				ProcessInitializeOnLoadMethodAttributes (39ms)
				AfterProcessingInitializeOnLoad (5ms)
				EditorAssembliesLoaded (0ms)
			ExecutionOrderSort2 (0ms)
			AwakeInstancesAfterBackupRestoration (7ms)
Platform modules already initialized, skipping
Switching build target platform(19) subTarget(0) extendedPlatform(0) -> platform(13) subTarget(537395200) extendedPlatform(0)
Refreshing native plugins compatible for Editor in 1.20 ms, found 2 plugins.
Preloading 0 native plugins for Editor in 0.00 ms.
Unloading 2331 Unused Serialized files (Serialized files now loaded: 0)
System memory in use before: 166.7 MB.
System memory in use after: 166.9 MB.

Unloading 113 unused Assets to reduce memory usage. Loaded Objects now: 2804.
Total: 6.511000 ms (FindLiveObjects: 0.255000 ms CreateObjectMapping: 0.119900 ms MarkObjects: 6.082800 ms  DeleteObjects: 0.051900 ms)

AssetImportParameters requested are different than current active one (requested -> active):
  custom:framework-win-MediaFoundation: 216162199b28c13a410421893ffa2e32 -> 
  custom:video-decoder-ogg-theora: a1e56fd34408186e4bbccfd4996cb3dc -> 
  custom:container-muxer-webm: aa71ff27fc2769a1b78a27578f13a17b -> 
  custom:container-demuxer-webm: 4f35f7cbe854078d1ac9338744f61a02 -> 
  custom:container-demuxer-ogg: 62fdf1f143b41e24485cea50d1cbac27 -> 
  custom:video-encoder-webm-vp8: eb34c28f22e8b96e1ab97ce403110664 -> 
  custom:video-decoder-webm-vp8: 9c59270c3fd7afecdb556c50c9e8de78 -> 
  custom:graphics/normal-map-encoding: 01000000000000000000000000000000 -> 02000000000000000000000000000000
  custom:audio-decoder-ogg-vorbis: bf7c407c2cedff20999df2af8eb42d56 -> 
  custom:audio-encoder-webm-vorbis: bf7c407c2cedff20999df2af8eb42d56 -> 
========================================================================
Received Prepare
Registering precompiled user dll's ...
Registered in 0.003973 seconds.
Begin MonoManager ReloadAssembly
Native extension for WindowsStandalone target not found
Refreshing native plugins compatible for Editor in 1.26 ms, found 2 plugins.
Preloading 0 native plugins for Editor in 0.00 ms.
GPGSUpgrader start
UnityEngine.StackTraceUtility:ExtractStackTrace ()
UnityEngine.DebugLogHandler:LogFormat (UnityEngine.LogType,UnityEngine.Object,string,object[])
UnityEngine.Logger:Log (UnityEngine.LogType,object)
UnityEngine.Debug:Log (object)
GooglePlayGames.Editor.GPGSUpgrader:.cctor () (at Assets/GooglePlayGames/Editor/GPGSUpgrader.cs:38)
System.Runtime.CompilerServices.RuntimeHelpers:RunClassConstructor (System.RuntimeTypeHandle)
UnityEditor.EditorAssemblies:ProcessInitializeOnLoadAttributes (System.Type[])

(Filename: Assets/GooglePlayGames/Editor/GPGSUpgrader.cs Line: 38)

GPGSUpgrader done
UnityEngine.StackTraceUtility:ExtractStackTrace ()
UnityEngine.DebugLogHandler:LogFormat (UnityEngine.LogType,UnityEngine.Object,string,object[])
UnityEngine.Logger:Log (UnityEngine.LogType,object)
UnityEngine.Debug:Log (object)
GooglePlayGames.Editor.GPGSUpgrader:.cctor () (at Assets/GooglePlayGames/Editor/GPGSUpgrader.cs:105)
System.Runtime.CompilerServices.RuntimeHelpers:RunClassConstructor (System.RuntimeTypeHandle)
UnityEditor.EditorAssemblies:ProcessInitializeOnLoadAttributes (System.Type[])

(Filename: Assets/GooglePlayGames/Editor/GPGSUpgrader.cs Line: 105)

Mono: successfully reloaded assembly
- Completed reload, in  1.502 seconds
Domain Reload Profiling:
	ReloadAssembly (1503ms)
		BeginReloadAssembly (207ms)
			ExecutionOrderSort (0ms)
			DisableScriptedObjects (7ms)
			BackupInstance (0ms)
			ReleaseScriptingObjects (0ms)
			CreateAndSetChildDomain (57ms)
		EndReloadAssembly (1157ms)
			LoadAssemblies (160ms)
			RebuildTransferFunctionScriptingTraits (0ms)
			SetupTypeCache (380ms)
			ReleaseScriptCaches (1ms)
			RebuildScriptCaches (38ms)
			SetupLoadedEditorAssemblies (499ms)
				LogAssemblyErrors (0ms)
				InitializePlatformSupportModulesInManaged (6ms)
				SetLoadedEditorAssemblies (0ms)
				RefreshPlugins (1ms)
				BeforeProcessingInitializeOnLoad (102ms)
				ProcessInitializeOnLoadAttributes (334ms)
				ProcessInitializeOnLoadMethodAttributes (50ms)
				AfterProcessingInitializeOnLoad (4ms)
				EditorAssembliesLoaded (0ms)
			ExecutionOrderSort2 (0ms)
			AwakeInstancesAfterBackupRestoration (8ms)
Platform modules already initialized, skipping
Switching build target platform(19) subTarget(0) extendedPlatform(0) -> platform(13) subTarget(537395200) extendedPlatform(0)
Refreshing native plugins compatible for Editor in 1.30 ms, found 2 plugins.
Preloading 0 native plugins for Editor in 0.00 ms.
Unloading 2331 Unused Serialized files (Serialized files now loaded: 0)
System memory in use before: 166.8 MB.
System memory in use after: 167.0 MB.

Unloading 113 unused Assets to reduce memory usage. Loaded Objects now: 2806.
Total: 8.191600 ms (FindLiveObjects: 0.264800 ms CreateObjectMapping: 0.128200 ms MarkObjects: 7.751100 ms  DeleteObjects: 0.046000 ms)

AssetImportParameters requested are different than current active one (requested -> active):
  custom:framework-win-MediaFoundation: 216162199b28c13a410421893ffa2e32 -> 
  custom:video-decoder-ogg-theora: a1e56fd34408186e4bbccfd4996cb3dc -> 
  custom:container-muxer-webm: aa71ff27fc2769a1b78a27578f13a17b -> 
  custom:container-demuxer-webm: 4f35f7cbe854078d1ac9338744f61a02 -> 
  custom:container-demuxer-ogg: 62fdf1f143b41e24485cea50d1cbac27 -> 
  custom:video-encoder-webm-vp8: eb34c28f22e8b96e1ab97ce403110664 -> 
  custom:video-decoder-webm-vp8: 9c59270c3fd7afecdb556c50c9e8de78 -> 
  custom:graphics/normal-map-encoding: 01000000000000000000000000000000 -> 02000000000000000000000000000000
  custom:audio-decoder-ogg-vorbis: bf7c407c2cedff20999df2af8eb42d56 -> 
  custom:audio-encoder-webm-vorbis: bf7c407c2cedff20999df2af8eb42d56 -> 
========================================================================
Received Prepare
Registering precompiled user dll's ...
Registered in 0.005909 seconds.
Begin MonoManager ReloadAssembly
Native extension for WindowsStandalone target not found
Refreshing native plugins compatible for Editor in 1.74 ms, found 2 plugins.
Preloading 0 native plugins for Editor in 0.00 ms.
GPGSUpgrader start
UnityEngine.StackTraceUtility:ExtractStackTrace ()
UnityEngine.DebugLogHandler:LogFormat (UnityEngine.LogType,UnityEngine.Object,string,object[])
UnityEngine.Logger:Log (UnityEngine.LogType,object)
UnityEngine.Debug:Log (object)
GooglePlayGames.Editor.GPGSUpgrader:.cctor () (at Assets/GooglePlayGames/Editor/GPGSUpgrader.cs:38)
System.Runtime.CompilerServices.RuntimeHelpers:RunClassConstructor (System.RuntimeTypeHandle)
UnityEditor.EditorAssemblies:ProcessInitializeOnLoadAttributes (System.Type[])

(Filename: Assets/GooglePlayGames/Editor/GPGSUpgrader.cs Line: 38)

GPGSUpgrader done
UnityEngine.StackTraceUtility:ExtractStackTrace ()
UnityEngine.DebugLogHandler:LogFormat (UnityEngine.LogType,UnityEngine.Object,string,object[])
UnityEngine.Logger:Log (UnityEngine.LogType,object)
UnityEngine.Debug:Log (object)
GooglePlayGames.Editor.GPGSUpgrader:.cctor () (at Assets/GooglePlayGames/Editor/GPGSUpgrader.cs:105)
System.Runtime.CompilerServices.RuntimeHelpers:RunClassConstructor (System.RuntimeTypeHandle)
UnityEditor.EditorAssemblies:ProcessInitializeOnLoadAttributes (System.Type[])

(Filename: Assets/GooglePlayGames/Editor/GPGSUpgrader.cs Line: 105)

Mono: successfully reloaded assembly
- Completed reload, in  1.773 seconds
Domain Reload Profiling:
	ReloadAssembly (1774ms)
		BeginReloadAssembly (154ms)
			ExecutionOrderSort (0ms)
			DisableScriptedObjects (7ms)
			BackupInstance (0ms)
			ReleaseScriptingObjects (0ms)
			CreateAndSetChildDomain (50ms)
		EndReloadAssembly (1518ms)
			LoadAssemblies (139ms)
			RebuildTransferFunctionScriptingTraits (0ms)
			SetupTypeCache (458ms)
			ReleaseScriptCaches (1ms)
			RebuildScriptCaches (63ms)
			SetupLoadedEditorAssemblies (653ms)
				LogAssemblyErrors (0ms)
				InitializePlatformSupportModulesInManaged (7ms)
				SetLoadedEditorAssemblies (1ms)
				RefreshPlugins (2ms)
				BeforeProcessingInitializeOnLoad (119ms)
				ProcessInitializeOnLoadAttributes (463ms)
				ProcessInitializeOnLoadMethodAttributes (56ms)
				AfterProcessingInitializeOnLoad (6ms)
				EditorAssembliesLoaded (0ms)
			ExecutionOrderSort2 (0ms)
			AwakeInstancesAfterBackupRestoration (11ms)
Platform modules already initialized, skipping
Switching build target platform(19) subTarget(0) extendedPlatform(0) -> platform(13) subTarget(537395200) extendedPlatform(0)
Refreshing native plugins compatible for Editor in 4.67 ms, found 2 plugins.
Preloading 0 native plugins for Editor in 0.00 ms.
Unloading 2331 Unused Serialized files (Serialized files now loaded: 0)
System memory in use before: 166.8 MB.
System memory in use after: 167.0 MB.

Unloading 113 unused Assets to reduce memory usage. Loaded Objects now: 2808.
Total: 16.483700 ms (FindLiveObjects: 0.513700 ms CreateObjectMapping: 0.283200 ms MarkObjects: 15.412000 ms  DeleteObjects: 0.272800 ms)

AssetImportParameters requested are different than current active one (requested -> active):
  custom:framework-win-MediaFoundation: 216162199b28c13a410421893ffa2e32 -> 
  custom:video-decoder-ogg-theora: a1e56fd34408186e4bbccfd4996cb3dc -> 
  custom:container-muxer-webm: aa71ff27fc2769a1b78a27578f13a17b -> 
  custom:container-demuxer-webm: 4f35f7cbe854078d1ac9338744f61a02 -> 
  custom:container-demuxer-ogg: 62fdf1f143b41e24485cea50d1cbac27 -> 
  custom:video-encoder-webm-vp8: eb34c28f22e8b96e1ab97ce403110664 -> 
  custom:video-decoder-webm-vp8: 9c59270c3fd7afecdb556c50c9e8de78 -> 
  custom:graphics/normal-map-encoding: 01000000000000000000000000000000 -> 02000000000000000000000000000000
  custom:audio-decoder-ogg-vorbis: bf7c407c2cedff20999df2af8eb42d56 -> 
  custom:audio-encoder-webm-vorbis: bf7c407c2cedff20999df2af8eb42d56 -> 
========================================================================
Received Prepare
Refreshing native plugins compatible for Editor in 26.96 ms, found 2 plugins.
Preloading 0 native plugins for Editor in 0.00 ms.
Unloading 111 Unused Serialized files (Serialized files now loaded: 0)
System memory in use before: 123.5 MB.
System memory in use after: 123.8 MB.

Unloading 111 unused Assets to reduce memory usage. Loaded Objects now: 2808.
Total: 6.881000 ms (FindLiveObjects: 0.305900 ms CreateObjectMapping: 0.156600 ms MarkObjects: 6.364300 ms  DeleteObjects: 0.052500 ms)

AssetImportParameters requested are different than current active one (requested -> active):
  custom:framework-win-MediaFoundation: 216162199b28c13a410421893ffa2e32 -> 
  custom:video-decoder-ogg-theora: a1e56fd34408186e4bbccfd4996cb3dc -> 
  custom:container-muxer-webm: aa71ff27fc2769a1b78a27578f13a17b -> 
  custom:container-demuxer-webm: 4f35f7cbe854078d1ac9338744f61a02 -> 
  custom:container-demuxer-ogg: 62fdf1f143b41e24485cea50d1cbac27 -> 
  custom:video-encoder-webm-vp8: eb34c28f22e8b96e1ab97ce403110664 -> 
  custom:video-decoder-webm-vp8: 9c59270c3fd7afecdb556c50c9e8de78 -> 
  custom:audio-decoder-ogg-vorbis: bf7c407c2cedff20999df2af8eb42d56 -> 
  custom:audio-encoder-webm-vorbis: bf7c407c2cedff20999df2af8eb42d56 -> 
AssetImportWorkerClient::OnTransportError - code=2 error=End of file
